<?xml version="1.0" encoding="UTF-8"?>
<testng-results ignored="0" total="6" passed="6" failed="0" skipped="0">
  <reporter-output>
  </reporter-output>
  <suite started-at="2023-09-19T16:40:25 IST" name="Default suite" finished-at="2023-09-19T16:40:45 IST" duration-ms="20016">
    <groups>
    </groups>
    <test started-at="2023-09-19T16:40:25 IST" name="Default test" finished-at="2023-09-19T16:40:45 IST" duration-ms="20016">
      <class name="DemoProject.DynamicApi">
        <test-method signature="UpdateLibrary(java.lang.String,java.lang.String)[pri:0, instance:DemoProject.DynamicApi@593aaf41]" started-at="2023-09-19T16:40:25 IST" name="UpdateLibrary" data-provider="Dataprovider" finished-at="2023-09-19T16:40:30 IST" duration-ms="5007" status="PASS">
          <params>
            <param index="0">
              <value>
                <![CDATA[kjkkk]]>
              </value>
            </param>
            <param index="1">
              <value>
                <![CDATA[8798]]>
              </value>
            </param>
          </params>
          <reporter-output>
          </reporter-output>
        </test-method> <!-- UpdateLibrary -->
        <test-method signature="UpdateLibrary(java.lang.String,java.lang.String)[pri:0, instance:DemoProject.DynamicApi@593aaf41]" started-at="2023-09-19T16:40:30 IST" name="UpdateLibrary" data-provider="Dataprovider" finished-at="2023-09-19T16:40:32 IST" duration-ms="2864" status="PASS">
          <params>
            <param index="0">
              <value>
                <![CDATA[fggfg]]>
              </value>
            </param>
            <param index="1">
              <value>
                <![CDATA[85798]]>
              </value>
            </param>
          </params>
          <reporter-output>
          </reporter-output>
        </test-method> <!-- UpdateLibrary -->
        <test-method signature="UpdateLibrary(java.lang.String,java.lang.String)[pri:0, instance:DemoProject.DynamicApi@593aaf41]" started-at="2023-09-19T16:40:32 IST" name="UpdateLibrary" data-provider="Dataprovider" finished-at="2023-09-19T16:40:36 IST" duration-ms="3437" status="PASS">
          <params>
            <param index="0">
              <value>
                <![CDATA[dfgfdg]]>
              </value>
            </param>
            <param index="1">
              <value>
                <![CDATA[5574]]>
              </value>
            </param>
          </params>
          <reporter-output>
          </reporter-output>
        </test-method> <!-- UpdateLibrary -->
        <test-method signature="UpdateLibrary(java.lang.String,java.lang.String)[pri:0, instance:DemoProject.DynamicApi@593aaf41]" started-at="2023-09-19T16:40:36 IST" name="UpdateLibrary" data-provider="Dataprovider" finished-at="2023-09-19T16:40:39 IST" duration-ms="2902" status="PASS">
          <params>
            <param index="0">
              <value>
                <![CDATA[mumum]]>
              </value>
            </param>
            <param index="1">
              <value>
                <![CDATA[3345]]>
              </value>
            </param>
          </params>
          <reporter-output>
          </reporter-output>
        </test-method> <!-- UpdateLibrary -->
        <test-method signature="UpdateLibrary(java.lang.String,java.lang.String)[pri:0, instance:DemoProject.DynamicApi@593aaf41]" started-at="2023-09-19T16:40:39 IST" name="UpdateLibrary" data-provider="Dataprovider" finished-at="2023-09-19T16:40:42 IST" duration-ms="2887" status="PASS">
          <params>
            <param index="0">
              <value>
                <![CDATA[ytfdf]]>
              </value>
            </param>
            <param index="1">
              <value>
                <![CDATA[87698]]>
              </value>
            </param>
          </params>
          <reporter-output>
          </reporter-output>
        </test-method> <!-- UpdateLibrary -->
        <test-method signature="UpdateLibrary(java.lang.String,java.lang.String)[pri:0, instance:DemoProject.DynamicApi@593aaf41]" started-at="2023-09-19T16:40:42 IST" name="UpdateLibrary" data-provider="Dataprovider" finished-at="2023-09-19T16:40:45 IST" duration-ms="2865" status="PASS">
          <params>
            <param index="0">
              <value>
                <![CDATA[knhmhkk]]>
              </value>
            </param>
            <param index="1">
              <value>
                <![CDATA[34444]]>
              </value>
            </param>
          </params>
          <reporter-output>
          </reporter-output>
        </test-method> <!-- UpdateLibrary -->
      </class> <!-- DemoProject.DynamicApi -->
    </test> <!-- Default test -->
  </suite> <!-- Default suite -->
</testng-results>
