<?xml version="1.0" encoding="UTF-8"?>
<!-- Generated by org.testng.reporters.JUnitXMLReporter -->
<testsuite ignored="0" hostname="A3701L" failures="0" tests="6" name="Default test" time="20.016" errors="0" timestamp="2023-09-19T16:40:45 IST">
  <testcase classname="DemoProject.DynamicApi" name="UpdateLibrary" time="5.007"/>
  <testcase classname="DemoProject.DynamicApi" name="UpdateLibrary" time="2.864"/>
  <testcase classname="DemoProject.DynamicApi" name="UpdateLibrary" time="3.437"/>
  <testcase classname="DemoProject.DynamicApi" name="UpdateLibrary" time="2.902"/>
  <testcase classname="DemoProject.DynamicApi" name="UpdateLibrary" time="2.887"/>
  <testcase classname="DemoProject.DynamicApi" name="UpdateLibrary" time="2.865"/>
</testsuite> <!-- Default test -->
